Salam Azra ! como estas ? siento no haber estado aqui para ti estos dias ? pero bueno , tienes a mohammed ya Assalamu Alaikum como ha ido ? yo cansado de mi viaje a madrid bien , sí , he hablado mucho con mohammed pero todo salio bien alhamdulillah a si 	conversation : 0.11131120709720355 emotions : 0.1815550523511278 suspActivities : 0.20681189069776051 religion : 0.22179550251164426 yijad : 0.25798835150195076 news : 0.318694859911407 trips : 0.4486239576717921  

conversation	emotions	suspActivities	religion	yijad	news	trips 


masha allah y que tal esta ? estas ahciedno tu mision , tu pblligacion con el ? tiene claro el mandato de allah 	conversation : 0.2202331918000915 yijad : 0.3611134980132932 religion : 0.3759762918874533 suspActivities : 0.3965318227764283 emotions : 0.4050899900639453 news : 0.46459048215912035 trips : 0.4752547305613304  

conversation	yijad	religion	suspActivities	emotions	news	trips 


y quiere ser recordado es un gran hombre has tenido mucha suerte como mujer musulmana de conocerlo y castigar a los q lo merecen 	yijad : 0.24498161191022816 religion : 0.2667951144995354 emotions : 0.2886654234962286 conversation : 0.32014758051407677 news : 0.35213622710781556 suspActivities : 0.3833850045874151 trips : 0.47950291627659003  

yijad	religion	emotions	conversation	news	suspActivities	trips 


de vincularte a el es una bendición de allah juntos estamos cumpliendo su mandato contribuyendo a q se respete la ummah has visto lo de lieja ? 	yijad : 0.441132092542627 conversation : 0.4535561027229271 suspActivities : 0.46286857643431223 religion : 0.518825645957779 news : 0.5206198324814888 trips : 0.5695559087724197 emotions : 0.5734425265515879  

yijad	conversation	suspActivities	religion	news	trips	emotions 


si hermana radi allah anhu Jazak Allah Khair kufir , no saben el castigo q les espera son ignorantes de allah 	conversation : 0.25030256098507186 suspActivities : 0.3276594546168091 religion : 0.34441406095816585 emotions : 0.3618355738909892 yijad : 0.3639314219926255 news : 0.443611845518049 trips : 0.5742298367589737  

conversation	suspActivities	religion	emotions	yijad	news	trips 


asi es hermana es bueno que lo recuerdes me llena la rabia y al mismo timepo me da energia y que los شهيد 	conversation : 0.16845104552667522 emotions : 0.188212478864617 religion : 0.20503348826148737 yijad : 0.2590629009002857 suspActivities : 0.26506501350752354 news : 0.35411284894381456 trips : 0.36945116890446583  

conversation	emotions	religion	yijad	suspActivities	news	trips 


sean recordados tenemos q levantarnos contra el enemigo y tomados como ejemplo es nuestra obligacion al baqara 2:154 	yijad : 0.3806567472390786 news : 0.44461914260422963 suspActivities : 0.4727407943716576 conversation : 0.49948499418954473 religion : 0.552927760920076 emotions : 0.5779669200662416 trips : 0.6225308220943155  

yijad	news	suspActivities	conversation	religion	emotions	trips 


los suhada son un ejemplo a seguir mohammed lo tiene claro ser un sahid de allah es un gren honor 	yijad : 0.2953799371543616 suspActivities : 0.3033068281987429 conversation : 0.30837203720687156 religion : 0.37827377240206894 news : 0.40799007116430097 emotions : 0.4128376209779444 trips : 0.517580381432329  

yijad	suspActivities	conversation	religion	news	emotions	trips 


y recuerda que en determindao momento hasta una sahida es bien vista pero creo que , si esa es la voluntad de allah asi sera , no obstante se es la voluntad de allah asi sera creo que todavia puedes aportar m uucho 	conversation : 0.2661573381713783 yijad : 0.29619302199369024 suspActivities : 0.3169900577468995 emotions : 0.370955810807978 religion : 0.3932790035861953 news : 0.434044213888389 trips : 0.4638661586461784  

conversation	yijad	suspActivities	emotions	religion	news	trips 


a otros sahid será lo q allah decida para nosotros , hermano sabes algo de las entradas ? 	suspActivities : 0.3162679367674833 yijad : 0.3520601396221227 conversation : 0.3691883908628152 emotions : 0.41038368377542567 religion : 0.4341339458579616 news : 0.5006831069627751 trips : 0.5089046880471496  

suspActivities	yijad	conversation	emotions	religion	news	trips 


el sabe lo mejor para la ummah estan en buenas manos ya nos esperan en samara con los primos de masha 	conversation : 0.18793834848263058 suspActivities : 0.29050153469120565 religion : 0.30473809176825206 yijad : 0.3276939255238741 emotions : 0.3296774659695553 news : 0.4098351242185656 trips : 0.44989359307426524  

conversation	suspActivities	religion	yijad	emotions	news	trips 


bueno sabes cuantas tenemos ? son 6 genial masha también vendrá a si 	emotions : 0.3037302890398482 suspActivities : 0.3211222022110708 yijad : 0.3709792010893954 religion : 0.3874269605781352 conversation : 0.40220037747413573 trips : 0.5229125910871989 news : 0.5355123184113171  

emotions	suspActivities	yijad	religion	conversation	trips	news 


estupendo es una buena chica y asi me acompañara para no levantar sospechas todo esta preparado 	conversation : 0.2071799978128135 emotions : 0.21108000043280561 religion : 0.21265469545902504 suspActivities : 0.24859248851731486 yijad : 0.26413948150533906 news : 0.34746630036781034 trips : 0.39599850781875756  

conversation	emotions	religion	suspActivities	yijad	news	trips 


yo sola con cuatro hombres no sería logico muy bien pensado eres una mujer inteligente 	conversation : 0.2007417438895721 emotions : 0.2696564255111371 religion : 0.28196445670845327 suspActivities : 0.29272499235530003 yijad : 0.29399110285557306 news : 0.39294460580272916 trips : 0.4663378679657798  

conversation	emotions	religion	suspActivities	yijad	news	trips 


una autentica muhadid alhamdulillah gracias a ti jawad estoy encontrando mi camino inshallah daremos un buen golpe a la serpiete de occidente 	emotions : 0.2549733773208105 religion : 0.2923674292811005 yijad : 0.3482687210012293 conversation : 0.3752749846960638 suspActivities : 0.38842671930212946 trips : 0.4203388768734032 news : 0.4212644976676586  

emotions	religion	yijad	conversation	suspActivities	trips	news 


y a los kufr russos y otrs hermanos seguro tambien lo haran 	yijad : 0.4047402095813435 conversation : 0.4673558377194724 religion : 0.47022026441878617 trips : 0.5019250083809068 news : 0.5175053601307715 suspActivities : 0.6148641143772706 emotions : 0.625031174694424  

yijad	conversation	religion	trips	news	suspActivities	emotions 


la gloria nos espera y espero dar ejemplo y que otros hermanos sigan nuestras acciones no tenemos miedo a nada , allah nos protege y nos guia la ira de allah caerá sobre los q se la merecen 	yijad : 0.2009040184738794 conversation : 0.20499181069264427 suspActivities : 0.2190402472498878 religion : 0.25623321297543356 emotions : 0.2573346797753764 news : 0.30764166747613586 trips : 0.4675061621675617  

yijad	conversation	suspActivities	religion	emotions	news	trips 


juntos conseguiremos combatir al enemigo , jawad mohammed temia ahora vosotros sois la espada de allah q el material q tiene q llegar no aguantara el viaje 	yijad : 0.2888433178416856 news : 0.318526023560629 religion : 0.3681088818370326 suspActivities : 0.39187975060935265 conversation : 0.3949323495531347 emotions : 0.3951892166121109 trips : 0.47492612412406965  

yijad	news	religion	suspActivities	conversation	emotions	trips 


es material muy sensible a los cambios de temperatura me he estado informando de como protegerlo para q los paquetes no entren en contacto antes de tiempo ya le he dicho como empaquetar todo bien tu tienes controlado como hacer el envio verdad ? es importante q este material llegue para conseguir q el castigo sea importante ya me entiendes 	suspActivities : 0.18556659520469265 conversation : 0.220908867273513 yijad : 0.2475177974488788 emotions : 0.28622372198885226 religion : 0.3406811564380432 news : 0.3838569846367078 trips : 0.4382032892003266  

suspActivities	conversation	yijad	emotions	religion	news	trips 


tambien he hablado con masha sus primos preparan una alternativa por si acaso pero es de menor impacto 	conversation : 0.2403402107886793 yijad : 0.2586484827862384 religion : 0.2951416678191321 emotions : 0.325639388971104 suspActivities : 0.3337167338794057 news : 0.38781493936905065 trips : 0.44875471536507694  

conversation	yijad	religion	emotions	suspActivities	news	trips 


el castigo tiene q ser visible nos llenará de gloria si surge un problema tawak kalto al allah 	yijad : 0.30949920594275104 conversation : 0.3493324121784287 suspActivities : 0.3639027084804157 religion : 0.3642608007890207 emotions : 0.3880429939302682 news : 0.3900058286204262 trips : 0.4268071301633545  

yijad	conversation	suspActivities	religion	emotions	news	trips 


cunpliremos nuestra obligacion no tienes que preocuparte baaka allah fik todo por nuestra parte esta controlado 	conversation : 0.19210862311540422 emotions : 0.21636874763205705 suspActivities : 0.2223597771502116 yijad : 0.24073448868095026 religion : 0.2716924507868931 news : 0.3898966525289701 trips : 0.44647108605161245  

conversation	emotions	suspActivities	yijad	religion	news	trips 


a si ? interesante pero ellos saben como actuar son soldados de allah saben que hacer si , confio en mohammed 	conversation : 0.21996343020688947 yijad : 0.241499703702439 suspActivities : 0.25815127786605885 religion : 0.2876577345691962 emotions : 0.3130191855418948 news : 0.37892332981358146 trips : 0.5152284447357032  

conversation	yijad	suspActivities	religion	emotions	news	trips 


es un hombre fuerte tu hazles casos apoyales se fiel radi allah anhu 	conversation : 0.3280236612612085 yijad : 0.3464074501371245 news : 0.37337846093738136 emotions : 0.3775468066722574 religion : 0.38059386080328483 suspActivities : 0.44245364170283763 trips : 0.5148389978677085  

conversation	yijad	news	emotions	religion	suspActivities	trips 


haz tu trabajo como mujer y todo saldra bien sobretod es muy importante 	conversation : 0.29688321571254994 yijad : 0.34397729851809233 emotions : 0.3613555327081718 religion : 0.36194592232389544 suspActivities : 0.4095485346295462 news : 0.41197672970549726 trips : 0.5522681283403006  

conversation	yijad	emotions	religion	suspActivities	news	trips 


que seas discreta ahora no lo comentes a nadie ni en la mezquita ni en ningun sitio los kufr 	conversation : 0.25845750879302176 religion : 0.40075664967851854 yijad : 0.4086601061342935 suspActivities : 0.41345475510101826 emotions : 0.4310280385114996 news : 0.46424243141221755 trips : 0.5070250390066793  

conversation	religion	yijad	suspActivities	emotions	news	trips 


pueden saber de tus intenciones y harias que fracasara nuestro deber sere discreta 	yijad : 0.31674943138385847 suspActivities : 0.331668667075121 conversation : 0.3716714611320957 emotions : 0.39998452180401123 religion : 0.4141958360696273 news : 0.4243419339144837 trips : 0.6608603842140672  

yijad	suspActivities	conversation	emotions	religion	news	trips 


tienes eso claro verada verdad lo tengo claro en la mezquita solo comente q habia conocido a un buen hombre nada mas muy bien confio plenamente en ti 	conversation : 0.1741354524473787 emotions : 0.2413453904211289 religion : 0.289016316106105 suspActivities : 0.2917924888393756 yijad : 0.32127574060871733 news : 0.4119623869946929 trips : 0.5366687280800793  

conversation	emotions	religion	suspActivities	yijad	news	trips 


eres muy inteligente azra esta semana te haremos llegar algunas instrucciones para que las tengas claras aqui 	emotions : 0.29421481891259604 conversation : 0.3069332946149834 suspActivities : 0.3211185143031795 religion : 0.3586555386234864 yijad : 0.4153832218844573 trips : 0.4808473720628449 news : 0.5415979088308718  

emotions	conversation	suspActivities	religion	yijad	trips	news 


para que las practiques para que lli puedas ayudar sabes coses verdad ? de acuerdo 	conversation : 0.2748869408170569 suspActivities : 0.2988880920278927 yijad : 0.31167531620492017 emotions : 0.3524449136974236 religion : 0.3825821005131522 news : 0.44733344448399337 trips : 0.5384221964457925  

conversation	suspActivities	yijad	emotions	religion	news	trips 


como buena mujer ? obedecere lo q me digan mis hermanos muy bien 	religion : 0.21702689285694687 conversation : 0.2624027658170618 emotions : 0.2812500304393316 yijad : 0.3120854478813775 suspActivities : 0.3979471693610096 news : 0.421586873184829 trips : 0.513010539219902  

religion	conversation	emotions	yijad	suspActivities	news	trips 


lo q trabajamos en el presente lo encontraremos en el futuro y el futuro ya esta cerca pues mañana te daremos las primeras instrucciones 	conversation : 0.247944450182628 suspActivities : 0.36829944256195135 yijad : 0.44250894483519143 religion : 0.46081849856305 emotions : 0.4736830816691482 trips : 0.5092607894644149 news : 0.53591885485807  

conversation	suspActivities	yijad	religion	emotions	trips	news 


asi podras comenzar a practicar y una vez alli tenerlo claro y no dudar asi el conocimiento viajra en tu cabeza 	conversation : 0.22320555345487914 religion : 0.25829734307784424 yijad : 0.2736900168821914 suspActivities : 0.2781161967309612 emotions : 0.29827162467850377 trips : 0.3783653697397056 news : 0.3902848311329209  

conversation	religion	yijad	suspActivities	emotions	trips	news 


