Salam Azra ! como estas ? siento no haber estado aqui para ti estos dias ? pero bueno , tienes a mohammed ya Assalamu Alaikum como ha ido ? yo cansado de mi viaje a madrid bien , sí , he hablado mucho con mohammed pero todo salio bien alhamdulillah a si 	conversation : 0.11131120709720355 emotions : 0.13852309326962964 suspActivities : 0.17713193962778317 religion : 0.18824430657725355 yijad : 0.2498374790971445 news : 0.29090730268704035 trips : 0.4473562005838404  

conversation	emotions	suspActivities	religion	yijad	news	trips 


masha allah y que tal esta ? estas ahciedno tu mision , tu pblligacion con el ? tiene claro el mandato de allah 	religion : 0.1976517763176303 yijad : 0.2100290064189415 suspActivities : 0.21861720847923605 conversation : 0.2202331918000915 news : 0.2557685902456375 emotions : 0.2650081391280815 trips : 0.3356172105512466  

religion	yijad	suspActivities	conversation	news	emotions	trips 


y quiere ser recordado es un gran hombre has tenido mucha suerte como mujer musulmana de conocerlo y castigar a los q lo merecen 	emotions : 0.2655719849022734 religion : 0.27296886406269316 yijad : 0.3050531031453181 conversation : 0.32014758051407677 news : 0.3430360721246124 suspActivities : 0.3734167222198239 trips : 0.5328531359855551  

emotions	religion	yijad	conversation	news	suspActivities	trips 


de vincularte a el es una bendición de allah juntos estamos cumpliendo su mandato contribuyendo a q se respete la ummah has visto lo de lieja ? 	yijad : 0.31057946401246983 news : 0.33134297952710334 suspActivities : 0.34578187715951914 religion : 0.35057429628513215 trips : 0.42905681533143225 conversation : 0.4535561027229271 emotions : 0.4586946420755337  

yijad	news	suspActivities	religion	trips	conversation	emotions 


si hermana radi allah anhu Jazak Allah Khair kufir , no saben el castigo q les espera son ignorantes de allah 	conversation : 0.25030256098507186 suspActivities : 0.2584447994795467 religion : 0.28591954037785083 emotions : 0.2926749779704696 yijad : 0.32092989023123075 news : 0.3909763611702183 trips : 0.5126718584069504  

conversation	suspActivities	religion	emotions	yijad	news	trips 


asi es hermana es bueno que lo recuerdes me llena la rabia y al mismo timepo me da energia y que los شهيد 	emotions : 0.12041147492283166 religion : 0.14988814155889574 conversation : 0.16845104552667522 suspActivities : 0.20216705007870195 yijad : 0.23571320955831288 news : 0.27458330267923325 trips : 0.37000108680153465  

emotions	religion	conversation	suspActivities	yijad	news	trips 


sean recordados tenemos q levantarnos contra el enemigo y tomados como ejemplo es nuestra obligacion al baqara 2:154 	yijad : 0.36547947552687265 news : 0.39907641288654183 suspActivities : 0.4555506105520436 religion : 0.4921456392887549 conversation : 0.49948499418954473 emotions : 0.5543183317652847 trips : 0.6395601334855163  

yijad	news	suspActivities	religion	conversation	emotions	trips 


los suhada son un ejemplo a seguir mohammed lo tiene claro ser un sahid de allah es un gren honor 	yijad : 0.24842461037795527 suspActivities : 0.26345986056306414 religion : 0.30210651226690377 conversation : 0.30837203720687156 news : 0.321925802506028 emotions : 0.3558784451150009 trips : 0.4934311089402169  

yijad	suspActivities	religion	conversation	news	emotions	trips 


y recuerda que en determindao momento hasta una sahida es bien vista pero creo que , si esa es la voluntad de allah asi sera , no obstante se es la voluntad de allah asi sera creo que todavia puedes aportar m uucho 	yijad : 0.24603066781502614 suspActivities : 0.2506504280293592 religion : 0.2612269965973153 conversation : 0.2661573381713783 emotions : 0.3065132736514182 news : 0.32122924613507375 trips : 0.39600748106496  

yijad	suspActivities	religion	conversation	emotions	news	trips 


a otros sahid será lo q allah decida para nosotros , hermano sabes algo de las entradas ? 	suspActivities : 0.3001027886671819 yijad : 0.3300048940920586 conversation : 0.3691883908628152 religion : 0.37308102625724027 emotions : 0.3778127311334485 news : 0.42752910959589296 trips : 0.5026390302961536  

suspActivities	yijad	conversation	religion	emotions	news	trips 


el sabe lo mejor para la ummah estan en buenas manos ya nos esperan en samara con los primos de masha 	suspActivities : 0.1747492316649758 conversation : 0.18793834848263058 religion : 0.19215282795182287 yijad : 0.2250418843091736 emotions : 0.23797096991602074 news : 0.26410414414548466 trips : 0.33764780957522944  

suspActivities	conversation	religion	yijad	emotions	news	trips 


bueno sabes cuantas tenemos ? son 6 genial masha también vendrá a si 	emotions : 0.38954971115387194 conversation : 0.40220037747413573 suspActivities : 0.4458897298502986 religion : 0.47551161704101874 yijad : 0.5041516834091042 news : 0.6066241148554581 trips : 0.7243596785046834  

emotions	conversation	suspActivities	religion	yijad	news	trips 


estupendo es una buena chica y asi me acompañara para no levantar sospechas todo esta preparado 	emotions : 0.14924633692878853 religion : 0.17441652196180413 suspActivities : 0.1936278411687209 conversation : 0.2071799978128135 yijad : 0.23913209181883377 news : 0.2713368831033097 trips : 0.38183645654415843  

emotions	religion	suspActivities	conversation	yijad	news	trips 


yo sola con cuatro hombres no sería logico muy bien pensado eres una mujer inteligente 	conversation : 0.2007417438895721 emotions : 0.21659243269388084 religion : 0.243941857924186 suspActivities : 0.25958736065976684 yijad : 0.28634782701667205 news : 0.3392203322624835 trips : 0.4781442050963375  

conversation	emotions	religion	suspActivities	yijad	news	trips 


una autentica muhadid alhamdulillah gracias a ti jawad estoy encontrando mi camino inshallah daremos un buen golpe a la serpiete de occidente 	emotions : 0.24673112007419506 religion : 0.31161668979216994 conversation : 0.3752749846960638 yijad : 0.38211642504566956 suspActivities : 0.3848186221211113 news : 0.3965160258342858 trips : 0.4712325684176426  

emotions	religion	conversation	yijad	suspActivities	news	trips 


y a los kufr russos y otrs hermanos seguro tambien lo haran 	yijad : 0.26314560178757307 news : 0.33297887504836154 religion : 0.34871354431820045 trips : 0.3716098945314311 suspActivities : 0.42659053898231036 conversation : 0.4673558377194724 emotions : 0.4933232597442072  

yijad	news	religion	trips	suspActivities	conversation	emotions 


la gloria nos espera y espero dar ejemplo y que otros hermanos sigan nuestras acciones no tenemos miedo a nada , allah nos protege y nos guia la ira de allah caerá sobre los q se la merecen 	suspActivities : 0.1655641683748008 yijad : 0.17201624512255198 religion : 0.19464236558776649 emotions : 0.19962757683518695 conversation : 0.20499181069264427 news : 0.25260194446845274 trips : 0.4486786072511084  

suspActivities	yijad	religion	emotions	conversation	news	trips 


juntos conseguiremos combatir al enemigo , jawad mohammed temia ahora vosotros sois la espada de allah q el material q tiene q llegar no aguantara el viaje 	yijad : 0.27932664311541555 news : 0.2954990166591249 religion : 0.3295801484136561 suspActivities : 0.3487950993040039 emotions : 0.35281934414931426 conversation : 0.3949323495531347 trips : 0.4685731302320063  

yijad	news	religion	suspActivities	emotions	conversation	trips 


es material muy sensible a los cambios de temperatura me he estado informando de como protegerlo para q los paquetes no entren en contacto antes de tiempo ya le he dicho como empaquetar todo bien tu tienes controlado como hacer el envio verdad ? es importante q este material llegue para conseguir q el castigo sea importante ya me entiendes 	suspActivities : 0.17431667252326555 conversation : 0.220908867273513 yijad : 0.23951485407548556 emotions : 0.255382651358815 religion : 0.25558608586338116 news : 0.30968727691395803 trips : 0.42050276643401574  

suspActivities	conversation	yijad	emotions	religion	news	trips 


tambien he hablado con masha sus primos preparan una alternativa por si acaso pero es de menor impacto 	conversation : 0.2403402107886793 yijad : 0.24403313244579472 religion : 0.2541451856223004 emotions : 0.27973264213575766 suspActivities : 0.28233941479427904 news : 0.3166246231578873 trips : 0.4587702370628495  

conversation	yijad	religion	emotions	suspActivities	news	trips 


el castigo tiene q ser visible nos llenará de gloria si surge un problema tawak kalto al allah 	yijad : 0.29933250827658864 religion : 0.30381947773817375 suspActivities : 0.33455783972487774 news : 0.3354623260123092 emotions : 0.33958042613606065 conversation : 0.3493324121784287 trips : 0.4342908475320637  

yijad	religion	suspActivities	news	emotions	conversation	trips 


cunpliremos nuestra obligacion no tienes que preocuparte baaka allah fik todo por nuestra parte esta controlado 	emotions : 0.1835121918330318 conversation : 0.19210862311540422 suspActivities : 0.19318175046726083 religion : 0.20491058661682116 yijad : 0.2300027871018654 news : 0.33641505130466676 trips : 0.4400052948384655  

emotions	conversation	suspActivities	religion	yijad	news	trips 


a si ? interesante pero ellos saben como actuar son soldados de allah saben que hacer si , confio en mohammed 	suspActivities : 0.2139932525460676 conversation : 0.21996343020688947 yijad : 0.22653387491064725 religion : 0.24783280805427788 emotions : 0.2606682446503965 news : 0.34017027372134867 trips : 0.5119568999507678  

suspActivities	conversation	yijad	religion	emotions	news	trips 


es un hombre fuerte tu hazles casos apoyales se fiel radi allah anhu 	religion : 0.3049253806690354 emotions : 0.3062676667998747 news : 0.32239023579643744 conversation : 0.3280236612612085 yijad : 0.3350217892906201 suspActivities : 0.3618971421481645 trips : 0.4769498682532579  

religion	emotions	news	conversation	yijad	suspActivities	trips 


haz tu trabajo como mujer y todo saldra bien sobretod es muy importante 	religion : 0.28363230219212343 yijad : 0.29679616241546236 conversation : 0.29688321571254994 emotions : 0.30547478343807544 suspActivities : 0.31598264889261785 news : 0.325265979966335 trips : 0.4794001546318948  

religion	yijad	conversation	emotions	suspActivities	news	trips 


que seas discreta ahora no lo comentes a nadie ni en la mezquita ni en ningun sitio los kufr 	religion : 0.244295253545731 conversation : 0.25845750879302176 suspActivities : 0.2658018998076752 yijad : 0.2845440057504247 emotions : 0.3118625255768186 trips : 0.3228689217127936 news : 0.32307383541660717  

religion	conversation	suspActivities	yijad	emotions	trips	news 


pueden saber de tus intenciones y harias que fracasara nuestro deber sere discreta 	yijad : 0.28880851661431395 suspActivities : 0.3040286378061675 religion : 0.3617509160286847 conversation : 0.3716714611320957 news : 0.37684712486431704 emotions : 0.3861478132599647 trips : 0.6362748010666788  

yijad	suspActivities	religion	conversation	news	emotions	trips 


tienes eso claro verada verdad lo tengo claro en la mezquita solo comente q habia conocido a un buen hombre nada mas muy bien confio plenamente en ti 	conversation : 0.1741354524473787 emotions : 0.20879129818178555 suspActivities : 0.28303277942770966 religion : 0.2832337136989934 yijad : 0.3386660359194368 news : 0.39816273966060745 trips : 0.5430792433452931  

conversation	emotions	suspActivities	religion	yijad	news	trips 


eres muy inteligente azra esta semana te haremos llegar algunas instrucciones para que las tengas claras aqui 	emotions : 0.2849794216802445 conversation : 0.3069332946149834 suspActivities : 0.3412591612526701 religion : 0.3639978931789878 yijad : 0.4363872132995661 news : 0.5125260995871759 trips : 0.5279263194883972  

emotions	conversation	suspActivities	religion	yijad	news	trips 


para que las practiques para que lli puedas ayudar sabes coses verdad ? de acuerdo 	suspActivities : 0.1986620256765369 yijad : 0.2419282706316499 conversation : 0.2748869408170569 religion : 0.28149462687323146 emotions : 0.3028164998493559 news : 0.3323005597934431 trips : 0.45446425790590617  

suspActivities	yijad	conversation	religion	emotions	news	trips 


como buena mujer ? obedecere lo q me digan mis hermanos muy bien 	emotions : 0.21868750099877166 religion : 0.22627395329541589 conversation : 0.2624027658170618 yijad : 0.3164925837358712 suspActivities : 0.33228978096345885 news : 0.38135719134138224 trips : 0.5433884727421714  

emotions	religion	conversation	yijad	suspActivities	news	trips 


lo q trabajamos en el presente lo encontraremos en el futuro y el futuro ya esta cerca pues mañana te daremos las primeras instrucciones 	suspActivities : 0.2241925260281865 conversation : 0.247944450182628 religion : 0.2736786499715327 yijad : 0.2932956049872637 trips : 0.3265144354791416 news : 0.3306574193817362 emotions : 0.3449814326542463  

suspActivities	conversation	religion	yijad	trips	news	emotions 


asi podras comenzar a practicar y una vez alli tenerlo claro y no dudar asi el conocimiento viajra en tu cabeza 	religion : 0.18953796215571117 suspActivities : 0.19045289072058036 yijad : 0.2031258923224838 conversation : 0.22320555345487914 emotions : 0.22326201369721577 news : 0.27731919016332507 trips : 0.31836384824874187  

religion	suspActivities	yijad	conversation	emotions	news	trips 


