Salam Azra ! como estas ? siento no haber estado aqui para ti estos dias ? pero bueno , tienes a mohammed ya Assalamu Alaikum como ha ido ? yo cansado de mi viaje a madrid bien , sí , he hablado mucho con mohammed pero todo salio bien alhamdulillah a si 	conversation : 0.11131120709720355 emotions : 0.14106368211950482 suspActivities : 0.17618342299937362 religion : 0.18882196217398728 yijad : 0.2540280194243508 news : 0.29527230889113654 trips : 0.3942038840303663  

conversation	emotions	suspActivities	religion	yijad	news	trips 


masha allah y que tal esta ? estas ahciedno tu mision , tu pblligacion con el ? tiene claro el mandato de allah 	religion : 0.19144298347790212 yijad : 0.19764298245340806 suspActivities : 0.21459398644883987 conversation : 0.2202331918000915 emotions : 0.2513703348882329 news : 0.25585852073069926 trips : 0.2632736397178965  

religion	yijad	suspActivities	conversation	emotions	news	trips 


y quiere ser recordado es un gran hombre has tenido mucha suerte como mujer musulmana de conocerlo y castigar a los q lo merecen 	emotions : 0.2767571829645843 religion : 0.2787311473023175 yijad : 0.31172125708671283 conversation : 0.32014758051407677 news : 0.3468427131379671 suspActivities : 0.373286008302655 trips : 0.46352183305827876  

emotions	religion	yijad	conversation	news	suspActivities	trips 


de vincularte a el es una bendición de allah juntos estamos cumpliendo su mandato contribuyendo a q se respete la ummah has visto lo de lieja ? 	yijad : 0.29656858787394347 news : 0.3233621762336981 suspActivities : 0.3416010535872116 religion : 0.342747367122446 trips : 0.3494671868337166 emotions : 0.44453358614384286 conversation : 0.4535561027229271  

yijad	news	suspActivities	religion	trips	emotions	conversation 


si hermana radi allah anhu Jazak Allah Khair kufir , no saben el castigo q les espera son ignorantes de allah 	conversation : 0.25030256098507186 suspActivities : 0.26040862659290376 emotions : 0.2959964917128759 religion : 0.2968308412125116 yijad : 0.33004018694055826 news : 0.39204960299425007 trips : 0.46816150251049393  

conversation	suspActivities	emotions	religion	yijad	news	trips 


asi es hermana es bueno que lo recuerdes me llena la rabia y al mismo timepo me da energia y que los شهيد 	emotions : 0.12171981329104586 religion : 0.15018772679311998 conversation : 0.16845104552667522 suspActivities : 0.19638286564610286 yijad : 0.23244766252306537 news : 0.28084556672555494 trips : 0.30361322638862387  

emotions	religion	conversation	suspActivities	yijad	news	trips 


sean recordados tenemos q levantarnos contra el enemigo y tomados como ejemplo es nuestra obligacion al baqara 2:154 	yijad : 0.3672121019760989 news : 0.3912563565966789 suspActivities : 0.46164133757742787 religion : 0.48639204686474535 conversation : 0.49948499418954473 trips : 0.5338283711116463 emotions : 0.549724783985102  

yijad	news	suspActivities	religion	conversation	trips	emotions 


los suhada son un ejemplo a seguir mohammed lo tiene claro ser un sahid de allah es un gren honor 	yijad : 0.2426046874756217 suspActivities : 0.2688333179098389 religion : 0.29442341102985403 conversation : 0.30837203720687156 news : 0.3187402192050077 emotions : 0.3473671193492579 trips : 0.40065510327333487  

yijad	suspActivities	religion	conversation	news	emotions	trips 


y recuerda que en determindao momento hasta una sahida es bien vista pero creo que , si esa es la voluntad de allah asi sera , no obstante se es la voluntad de allah asi sera creo que todavia puedes aportar m uucho 	yijad : 0.23667842590771526 suspActivities : 0.24872828872900032 religion : 0.2565662090989884 conversation : 0.2661573381713783 emotions : 0.2970224076047191 news : 0.32383590254996597 trips : 0.33188831287311493  

yijad	suspActivities	religion	conversation	emotions	news	trips 


a otros sahid será lo q allah decida para nosotros , hermano sabes algo de las entradas ? 	suspActivities : 0.2993425869935079 yijad : 0.3218564115929221 emotions : 0.3668837567462796 conversation : 0.3691883908628152 religion : 0.3723093131610944 news : 0.42387197380349406 trips : 0.43870928159555445  

suspActivities	yijad	emotions	conversation	religion	news	trips 


el sabe lo mejor para la ummah estan en buenas manos ya nos esperan en samara con los primos de masha 	suspActivities : 0.1713327501292211 religion : 0.18401611427082187 conversation : 0.18793834848263058 yijad : 0.21744644078803232 emotions : 0.23067087803258746 news : 0.26145678084748913 trips : 0.27480673869193106  

suspActivities	religion	conversation	yijad	emotions	news	trips 


bueno sabes cuantas tenemos ? son 6 genial masha también vendrá a si 	emotions : 0.38872417443562857 conversation : 0.40220037747413573 suspActivities : 0.446608780510241 religion : 0.4732536292922609 yijad : 0.4936702094443973 news : 0.606126787107726 trips : 0.6354186090180347  

emotions	conversation	suspActivities	religion	yijad	news	trips 


estupendo es una buena chica y asi me acompañara para no levantar sospechas todo esta preparado 	emotions : 0.14873781280779474 religion : 0.173506081926597 suspActivities : 0.19647128137369252 conversation : 0.2071799978128135 yijad : 0.242083203137875 news : 0.2755119079791347 trips : 0.3349629873247084  

emotions	religion	suspActivities	conversation	yijad	news	trips 


yo sola con cuatro hombres no sería logico muy bien pensado eres una mujer inteligente 	conversation : 0.2007417438895721 emotions : 0.21374675822593592 religion : 0.2449107821772879 suspActivities : 0.25699905957275027 yijad : 0.2884209068508431 news : 0.33795306555430826 trips : 0.4121525066999451  

conversation	emotions	religion	suspActivities	yijad	news	trips 


una autentica muhadid alhamdulillah gracias a ti jawad estoy encontrando mi camino inshallah daremos un buen golpe a la serpiete de occidente 	emotions : 0.24471011172084123 religion : 0.3139727274953653 conversation : 0.3752749846960638 yijad : 0.3829075794227752 suspActivities : 0.3838543286031262 news : 0.3966032003126906 trips : 0.4299947658874014  

emotions	religion	conversation	yijad	suspActivities	news	trips 


y a los kufr russos y otrs hermanos seguro tambien lo haran 	yijad : 0.2545314361170713 trips : 0.30699724980677356 news : 0.323106767232756 religion : 0.3438007183993207 suspActivities : 0.42564514289024136 conversation : 0.4673558377194724 emotions : 0.48170332863061593  

yijad	trips	news	religion	suspActivities	conversation	emotions 


la gloria nos espera y espero dar ejemplo y que otros hermanos sigan nuestras acciones no tenemos miedo a nada , allah nos protege y nos guia la ira de allah caerá sobre los q se la merecen 	suspActivities : 0.17052730102666613 yijad : 0.17188163096109743 emotions : 0.19351586997535308 religion : 0.19386728350690463 conversation : 0.20499181069264427 news : 0.25421841529930167 trips : 0.3667602089709554  

suspActivities	yijad	emotions	religion	conversation	news	trips 


juntos conseguiremos combatir al enemigo , jawad mohammed temia ahora vosotros sois la espada de allah q el material q tiene q llegar no aguantara el viaje 	news : 0.28951568247176995 yijad : 0.2940980241795762 religion : 0.3348875063964398 suspActivities : 0.3509712878582135 emotions : 0.3527569461566956 trips : 0.38777373705777196 conversation : 0.3949323495531347  

news	yijad	religion	suspActivities	emotions	trips	conversation 


es material muy sensible a los cambios de temperatura me he estado informando de como protegerlo para q los paquetes no entren en contacto antes de tiempo ya le he dicho como empaquetar todo bien tu tienes controlado como hacer el envio verdad ? es importante q este material llegue para conseguir q el castigo sea importante ya me entiendes 	suspActivities : 0.17749067216924097 conversation : 0.220908867273513 yijad : 0.23534735189000489 emotions : 0.24964124138292842 religion : 0.2511455555734706 news : 0.31197147651186174 trips : 0.36049185957180596  

suspActivities	conversation	yijad	emotions	religion	news	trips 


tambien he hablado con masha sus primos preparan una alternativa por si acaso pero es de menor impacto 	yijad : 0.23794343667592044 conversation : 0.2403402107886793 religion : 0.250956695356384 emotions : 0.2710106569973916 suspActivities : 0.28290809990745547 news : 0.31487444695444555 trips : 0.3801753885554646  

yijad	conversation	religion	emotions	suspActivities	news	trips 


el castigo tiene q ser visible nos llenará de gloria si surge un problema tawak kalto al allah 	yijad : 0.30257338270372236 religion : 0.3080736966001333 suspActivities : 0.33505852324045104 news : 0.336180167267889 emotions : 0.34152470719067696 conversation : 0.3493324121784287 trips : 0.3640399832581468  

yijad	religion	suspActivities	news	emotions	conversation	trips 


cunpliremos nuestra obligacion no tienes que preocuparte baaka allah fik todo por nuestra parte esta controlado 	emotions : 0.17471078294542175 conversation : 0.19210862311540422 suspActivities : 0.19586291441616543 religion : 0.20447752668591257 yijad : 0.22491149005431177 news : 0.3408758337142104 trips : 0.3807888353061357  

emotions	conversation	suspActivities	religion	yijad	news	trips 


a si ? interesante pero ellos saben como actuar son soldados de allah saben que hacer si , confio en mohammed 	conversation : 0.21996343020688947 suspActivities : 0.22413256080686483 yijad : 0.2319348532068416 religion : 0.24679299750823824 emotions : 0.2568451247823863 news : 0.33959006098882794 trips : 0.4304166740024823  

conversation	suspActivities	yijad	religion	emotions	news	trips 


es un hombre fuerte tu hazles casos apoyales se fiel radi allah anhu 	religion : 0.3097356988076455 emotions : 0.30984961239327824 conversation : 0.3280236612612085 news : 0.32858098645543443 yijad : 0.3426303980686388 suspActivities : 0.3590353976746151 trips : 0.4404142778777673  

religion	emotions	conversation	news	yijad	suspActivities	trips 


haz tu trabajo como mujer y todo saldra bien sobretod es muy importante 	religion : 0.2848248498301985 yijad : 0.29485369012648066 conversation : 0.29688321571254994 emotions : 0.2992785800928851 suspActivities : 0.3162055575102928 news : 0.33230242678653044 trips : 0.4443469008310573  

religion	yijad	conversation	emotions	suspActivities	news	trips 


que seas discreta ahora no lo comentes a nadie ni en la mezquita ni en ningun sitio los kufr 	religion : 0.24396095378827065 conversation : 0.25845750879302176 suspActivities : 0.26466751511835396 yijad : 0.28544110648023435 emotions : 0.3040977504236728 trips : 0.31740227682034805 news : 0.32975569744379185  

religion	conversation	suspActivities	yijad	emotions	trips	news 


pueden saber de tus intenciones y harias que fracasara nuestro deber sere discreta 	yijad : 0.28689707542465526 suspActivities : 0.3114755271947205 religion : 0.36128629810511637 conversation : 0.3716714611320957 news : 0.37429787932548764 emotions : 0.38019690944763573 trips : 0.5437047888785203  

yijad	suspActivities	religion	conversation	news	emotions	trips 


tienes eso claro verada verdad lo tengo claro en la mezquita solo comente q habia conocido a un buen hombre nada mas muy bien confio plenamente en ti 	conversation : 0.1741354524473787 emotions : 0.21064358421068285 suspActivities : 0.2831041272471909 religion : 0.2855777821273061 yijad : 0.3440511814767644 news : 0.40471777221874117 trips : 0.5084177946415336  

conversation	emotions	suspActivities	religion	yijad	news	trips 


eres muy inteligente azra esta semana te haremos llegar algunas instrucciones para que las tengas claras aqui 	emotions : 0.278810117543959 conversation : 0.3069332946149834 suspActivities : 0.3443681303809104 religion : 0.3654630765190552 yijad : 0.43658132114937354 trips : 0.5020430634955794 news : 0.5187052625814388  

emotions	conversation	suspActivities	religion	yijad	trips	news 


para que las practiques para que lli puedas ayudar sabes coses verdad ? de acuerdo 	suspActivities : 0.20305251368717736 yijad : 0.23546758631731213 conversation : 0.2748869408170569 religion : 0.27730098704352435 emotions : 0.2903440025366516 news : 0.3327445839296127 trips : 0.3968771180933418  

suspActivities	yijad	conversation	religion	emotions	news	trips 


como buena mujer ? obedecere lo q me digan mis hermanos muy bien 	emotions : 0.22071892167359797 religion : 0.23349908618279125 conversation : 0.2624027658170618 yijad : 0.32075832778251867 suspActivities : 0.33215269794131175 news : 0.38662408955127003 trips : 0.4733719957591217  

emotions	religion	conversation	yijad	suspActivities	news	trips 


lo q trabajamos en el presente lo encontraremos en el futuro y el futuro ya esta cerca pues mañana te daremos las primeras instrucciones 	suspActivities : 0.2138409984023789 conversation : 0.247944450182628 religion : 0.26079528217966685 trips : 0.27700850026218204 yijad : 0.27909111932860053 news : 0.3281116367717555 emotions : 0.3329216693050676  

suspActivities	conversation	religion	trips	yijad	news	emotions 


asi podras comenzar a practicar y una vez alli tenerlo claro y no dudar asi el conocimiento viajra en tu cabeza 	religion : 0.18972478637959334 suspActivities : 0.1981099376869041 yijad : 0.20570814100798784 emotions : 0.21748140094227386 conversation : 0.22320555345487914 news : 0.27730583286366095 trips : 0.27972658106005177  

religion	suspActivities	yijad	emotions	conversation	news	trips 


