Salam Azra ! como estas ? siento no haber estado aqui para ti estos dias ? pero bueno , tienes a mohammed ya Assalamu Alaikum como ha ido ? yo cansado de mi viaje a madrid bien , sí , he hablado mucho con mohammed pero todo salio bien alhamdulillah a si 	conversation : 0.11131120709720355 emotions : 0.23928354963635734 religion : 0.32472384585690717 suspActivities : 0.3338417732695852 yijad : 0.3912689101424054 news : 0.44738364613912873 trips : 0.777269794210399  

conversation	emotions	religion	suspActivities	yijad	news	trips 


masha allah y que tal esta ? estas ahciedno tu mision , tu pblligacion con el ? tiene claro el mandato de allah 	conversation : 0.2202331918000915 suspActivities : 0.39735722342757673 religion : 0.42092502520886965 emotions : 0.4723183019930344 yijad : 0.5054977470482973 news : 0.528244783500029 trips : 0.7690316571146799  

conversation	suspActivities	religion	emotions	yijad	news	trips 


y quiere ser recordado es un gran hombre has tenido mucha suerte como mujer musulmana de conocerlo y castigar a los q lo merecen 	emotions : 0.2905271346805135 conversation : 0.32014758051407677 religion : 0.3408626142522342 yijad : 0.41051049084871427 suspActivities : 0.4921557609013736 news : 0.5170319555419841 trips : 0.8714291564798932  

emotions	conversation	religion	yijad	suspActivities	news	trips 


de vincularte a el es una bendición de allah juntos estamos cumpliendo su mandato contribuyendo a q se respete la ummah has visto lo de lieja ? 	conversation : 0.4535561027229271 suspActivities : 0.49698424452335666 religion : 0.5609779308451499 yijad : 0.5893371057994139 emotions : 0.6312363977531787 news : 0.6445220419653286 trips : 0.8493879668124033  

conversation	suspActivities	religion	yijad	emotions	news	trips 


si hermana radi allah anhu Jazak Allah Khair kufir , no saben el castigo q les espera son ignorantes de allah 	conversation : 0.25030256098507186 religion : 0.30859577496256796 suspActivities : 0.3595569953621337 emotions : 0.36759435359164794 yijad : 0.4041937552269743 news : 0.5556646184933909 trips : 0.8088841908192869  

conversation	religion	suspActivities	emotions	yijad	news	trips 


asi es hermana es bueno que lo recuerdes me llena la rabia y al mismo timepo me da energia y que los شهيد 	conversation : 0.16845104552667522 emotions : 0.23475417825460232 religion : 0.29429103619496777 suspActivities : 0.4189110808441534 yijad : 0.4438068463202349 news : 0.47277143626413487 trips : 0.7695332290437548  

conversation	emotions	religion	suspActivities	yijad	news	trips 


sean recordados tenemos q levantarnos contra el enemigo y tomados como ejemplo es nuestra obligacion al baqara 2:154 	suspActivities : 0.483495678121336 yijad : 0.4976844279253483 conversation : 0.49948499418954473 news : 0.6384741148029016 religion : 0.6429221827115863 emotions : 0.6505001072671662 trips : 1.0209650618406274  

suspActivities	yijad	conversation	news	religion	emotions	trips 


los suhada son un ejemplo a seguir mohammed lo tiene claro ser un sahid de allah es un gren honor 	conversation : 0.30837203720687156 suspActivities : 0.32123560347740776 yijad : 0.4814422791326246 emotions : 0.5062841337217201 religion : 0.5107591004051405 news : 0.5686584546559743 trips : 0.9008357096539811  

conversation	suspActivities	yijad	emotions	religion	news	trips 


y recuerda que en determindao momento hasta una sahida es bien vista pero creo que , si esa es la voluntad de allah asi sera , no obstante se es la voluntad de allah asi sera creo que todavia puedes aportar m uucho 	conversation : 0.2661573381713783 suspActivities : 0.40395907254766394 religion : 0.44767649656104325 emotions : 0.4623880318295712 yijad : 0.5023023090066974 news : 0.526877489781048 trips : 0.7922532574068292  

conversation	suspActivities	religion	emotions	yijad	news	trips 


a otros sahid será lo q allah decida para nosotros , hermano sabes algo de las entradas ? 	conversation : 0.3691883908628152 suspActivities : 0.41225557342237307 religion : 0.48780357552032383 emotions : 0.533578680954893 yijad : 0.5550391978062212 news : 0.6610589362606242 trips : 0.8461774665990314  

conversation	suspActivities	religion	emotions	yijad	news	trips 


el sabe lo mejor para la ummah estan en buenas manos ya nos esperan en samara con los primos de masha 	conversation : 0.18793834848263058 suspActivities : 0.35071957162399525 emotions : 0.39743221085747005 religion : 0.42259089579313136 yijad : 0.4732712233821692 news : 0.5420021000394166 trips : 0.7451713104409876  

conversation	suspActivities	emotions	religion	yijad	news	trips 


bueno sabes cuantas tenemos ? son 6 genial masha también vendrá a si 	conversation : 0.40220037747413573 emotions : 0.47013800528821903 suspActivities : 0.5327226988654297 religion : 0.5711855066127787 yijad : 0.6996190335094521 news : 0.754016357646867 trips : 1.020410430854021  

conversation	emotions	suspActivities	religion	yijad	news	trips 


estupendo es una buena chica y asi me acompañara para no levantar sospechas todo esta preparado 	conversation : 0.2071799978128135 emotions : 0.2654851224390994 suspActivities : 0.3030600304843646 religion : 0.3277706023353727 yijad : 0.3985964858112758 news : 0.47118567680629986 trips : 0.7277704322847152  

conversation	emotions	suspActivities	religion	yijad	news	trips 


yo sola con cuatro hombres no sería logico muy bien pensado eres una mujer inteligente 	conversation : 0.2007417438895721 emotions : 0.34726217254724356 religion : 0.3695035234885431 suspActivities : 0.4169496115540987 yijad : 0.44023192255392485 news : 0.5623052138659397 trips : 0.828747796846256  

conversation	emotions	religion	suspActivities	yijad	news	trips 


una autentica muhadid alhamdulillah gracias a ti jawad estoy encontrando mi camino inshallah daremos un buen golpe a la serpiete de occidente 	emotions : 0.355431957709602 conversation : 0.3752749846960638 religion : 0.3957202023330395 suspActivities : 0.5044146692802791 yijad : 0.5138793643940573 news : 0.5922425170917789 trips : 0.7605001959317174  

emotions	conversation	religion	suspActivities	yijad	news	trips 


y a los kufr russos y otrs hermanos seguro tambien lo haran 	conversation : 0.4673558377194724 yijad : 0.5084186081759328 religion : 0.51706858796772 suspActivities : 0.547541886057338 news : 0.6482659018684477 emotions : 0.6492101837692728 trips : 0.7700266825629913  

conversation	yijad	religion	suspActivities	news	emotions	trips 


la gloria nos espera y espero dar ejemplo y que otros hermanos sigan nuestras acciones no tenemos miedo a nada , allah nos protege y nos guia la ira de allah caerá sobre los q se la merecen 	conversation : 0.20499181069264427 suspActivities : 0.2463498741046688 religion : 0.342710570920423 emotions : 0.3427553593157858 yijad : 0.3625244271607696 news : 0.4441765661218582 trips : 0.8475266627505693  

conversation	suspActivities	religion	emotions	yijad	news	trips 


juntos conseguiremos combatir al enemigo , jawad mohammed temia ahora vosotros sois la espada de allah q el material q tiene q llegar no aguantara el viaje 	yijad : 0.31989725838041005 religion : 0.39295618361788187 conversation : 0.3949323495531347 suspActivities : 0.4394207234261197 emotions : 0.4397211732918406 news : 0.5374392621623001 trips : 0.8549888918681123  

yijad	religion	conversation	suspActivities	emotions	news	trips 


es material muy sensible a los cambios de temperatura me he estado informando de como protegerlo para q los paquetes no entren en contacto antes de tiempo ya le he dicho como empaquetar todo bien tu tienes controlado como hacer el envio verdad ? es importante q este material llegue para conseguir q el castigo sea importante ya me entiendes 	conversation : 0.220908867273513 suspActivities : 0.26744243452161753 emotions : 0.39386039519236415 religion : 0.43678325161717135 yijad : 0.45888668785362685 news : 0.5144866705088607 trips : 0.7884777376221176  

conversation	suspActivities	emotions	religion	yijad	news	trips 


tambien he hablado con masha sus primos preparan una alternativa por si acaso pero es de menor impacto 	conversation : 0.2403402107886793 suspActivities : 0.40366840753427224 religion : 0.4150649338007446 emotions : 0.44079642081920123 yijad : 0.47159907887154984 news : 0.5558952279208274 trips : 0.8468782278216167  

conversation	suspActivities	religion	emotions	yijad	news	trips 


el castigo tiene q ser visible nos llenará de gloria si surge un problema tawak kalto al allah 	conversation : 0.3493324121784287 religion : 0.3999005599559 emotions : 0.4248835225691835 yijad : 0.4424648729081636 suspActivities : 0.4502339866680195 news : 0.5452458687686381 trips : 0.8153580394022082  

conversation	religion	emotions	yijad	suspActivities	news	trips 


cunpliremos nuestra obligacion no tienes que preocuparte baaka allah fik todo por nuestra parte esta controlado 	conversation : 0.19210862311540422 suspActivities : 0.28926301636880725 emotions : 0.34962343442492216 religion : 0.35199543963328384 yijad : 0.45137419917360777 news : 0.5004947834993647 trips : 0.7959963790116962  

conversation	suspActivities	emotions	religion	yijad	news	trips 


a si ? interesante pero ellos saben como actuar son soldados de allah saben que hacer si , confio en mohammed 	conversation : 0.21996343020688947 suspActivities : 0.2291747528912954 yijad : 0.3670041648465566 emotions : 0.38681638628596615 religion : 0.39150767104606576 news : 0.5160405566654068 trips : 0.8800581869932854  

conversation	suspActivities	yijad	emotions	religion	news	trips 


es un hombre fuerte tu hazles casos apoyales se fiel radi allah anhu 	conversation : 0.3280236612612085 emotions : 0.3821013673365593 religion : 0.39031395215764264 yijad : 0.43571084490458634 news : 0.4773881276054339 suspActivities : 0.5197013558112955 trips : 0.7717867956693558  

conversation	emotions	religion	yijad	news	suspActivities	trips 


haz tu trabajo como mujer y todo saldra bien sobretod es muy importante 	conversation : 0.29688321571254994 religion : 0.40193577308161466 suspActivities : 0.43625804958143855 emotions : 0.44143716319823223 news : 0.47261803740191566 yijad : 0.47985706193299793 trips : 0.7683295568129853  

conversation	religion	suspActivities	emotions	news	yijad	trips 


que seas discreta ahora no lo comentes a nadie ni en la mezquita ni en ningun sitio los kufr 	conversation : 0.25845750879302176 religion : 0.40484915319831405 suspActivities : 0.41307677043366264 yijad : 0.4572309047541744 news : 0.46643889486020396 emotions : 0.472835993990245 trips : 0.6131712497391457  

conversation	religion	suspActivities	yijad	news	emotions	trips 


pueden saber de tus intenciones y harias que fracasara nuestro deber sere discreta 	suspActivities : 0.31135383512125514 conversation : 0.3716714611320957 yijad : 0.4660499000083034 religion : 0.4671204727364081 emotions : 0.494874938804131 news : 0.5754227562577923 trips : 0.9925192410453196  

suspActivities	conversation	yijad	religion	emotions	news	trips 


tienes eso claro verada verdad lo tengo claro en la mezquita solo comente q habia conocido a un buen hombre nada mas muy bien confio plenamente en ti 	conversation : 0.1741354524473787 emotions : 0.3054356223190291 religion : 0.3827651837758508 suspActivities : 0.40955451559953837 yijad : 0.4503255515034139 news : 0.506568122882711 trips : 0.7966454542594535  

conversation	emotions	religion	suspActivities	yijad	news	trips 


eres muy inteligente azra esta semana te haremos llegar algunas instrucciones para que las tengas claras aqui 	conversation : 0.3069332946149834 suspActivities : 0.421203800050564 emotions : 0.4269882675755966 religion : 0.4607676229389729 yijad : 0.573504342404068 news : 0.615980264548891 trips : 0.758502875061626  

conversation	suspActivities	emotions	religion	yijad	news	trips 


para que las practiques para que lli puedas ayudar sabes coses verdad ? de acuerdo 	suspActivities : 0.2680564986762758 conversation : 0.2748869408170569 religion : 0.44811366570121336 emotions : 0.47187369434814075 yijad : 0.47448161818935597 news : 0.5383616643535948 trips : 0.8012382627934059  

suspActivities	conversation	religion	emotions	yijad	news	trips 


como buena mujer ? obedecere lo q me digan mis hermanos muy bien 	conversation : 0.2624027658170618 religion : 0.277913394667588 emotions : 0.31063908580577093 yijad : 0.43151541008239924 suspActivities : 0.4603775963806094 news : 0.5196429881139573 trips : 0.8750215133903061  

conversation	religion	emotions	yijad	suspActivities	news	trips 


lo q trabajamos en el presente lo encontraremos en el futuro y el futuro ya esta cerca pues mañana te daremos las primeras instrucciones 	conversation : 0.247944450182628 suspActivities : 0.45888572560494667 emotions : 0.5304807010062411 religion : 0.5490803077912094 yijad : 0.5848595824281362 news : 0.6073301847727279 trips : 0.7154081789349387  

conversation	suspActivities	emotions	religion	yijad	news	trips 


asi podras comenzar a practicar y una vez alli tenerlo claro y no dudar asi el conocimiento viajra en tu cabeza 	conversation : 0.22320555345487914 suspActivities : 0.23830143022650463 religion : 0.33898719649274167 emotions : 0.37280844133898494 yijad : 0.37497896380477214 news : 0.4916218693541158 trips : 0.6647616455432843  

conversation	suspActivities	religion	emotions	yijad	news	trips 


