Salam Azra ! como estas ? siento no haber estado aqui para ti estos dias ? pero bueno , tienes a mohammed ya Assalamu Alaikum como ha ido ? yo cansado de mi viaje a madrid bien , sí , he hablado mucho con mohammed pero todo salio bien alhamdulillah a si 	conversation : 0.11131120709720355 emotions : 0.21474932081512177 religion : 0.2592994265688682 yijad : 0.3089858714395457 suspActivities : 0.3338417732695852 news : 0.3617125218769843 trips : 0.687299481554654  

conversation	emotions	religion	yijad	suspActivities	news	trips 


masha allah y que tal esta ? estas ahciedno tu mision , tu pblligacion con el ? tiene claro el mandato de allah 	conversation : 0.2202331918000915 religion : 0.3454348569792305 yijad : 0.3582049332074181 suspActivities : 0.39735722342757673 news : 0.425511474885079 emotions : 0.43036951150239267 trips : 0.6886085606955672  

conversation	religion	yijad	suspActivities	news	emotions	trips 


y quiere ser recordado es un gran hombre has tenido mucha suerte como mujer musulmana de conocerlo y castigar a los q lo merecen 	emotions : 0.30149636584765527 religion : 0.31086593863932444 conversation : 0.32014758051407677 yijad : 0.3356950810015532 news : 0.4481790927297452 suspActivities : 0.4921557609013736 trips : 0.8334542402363608  

emotions	religion	conversation	yijad	news	suspActivities	trips 


de vincularte a el es una bendición de allah juntos estamos cumpliendo su mandato contribuyendo a q se respete la ummah has visto lo de lieja ? 	yijad : 0.4185531159139433 conversation : 0.4535561027229271 news : 0.46656283131240406 religion : 0.4898911156554595 suspActivities : 0.49698424452335666 emotions : 0.5934532740921736 trips : 0.7890873641235396  

yijad	conversation	news	religion	suspActivities	emotions	trips 


si hermana radi allah anhu Jazak Allah Khair kufir , no saben el castigo q les espera son ignorantes de allah 	conversation : 0.25030256098507186 religion : 0.2868887574628475 emotions : 0.3474788496389951 yijad : 0.3479387653766245 suspActivities : 0.3595569953621337 news : 0.4378446046441081 trips : 0.7023169761330796  

conversation	religion	emotions	yijad	suspActivities	news	trips 


asi es hermana es bueno que lo recuerdes me llena la rabia y al mismo timepo me da energia y que los شهيد 	conversation : 0.16845104552667522 emotions : 0.20643715139568286 religion : 0.23682563453679795 yijad : 0.34252621683173 suspActivities : 0.4189110808441534 news : 0.4246399993857155 trips : 0.7152029377517561  

conversation	emotions	religion	yijad	suspActivities	news	trips 


sean recordados tenemos q levantarnos contra el enemigo y tomados como ejemplo es nuestra obligacion al baqara 2:154 	yijad : 0.39838868199695066 news : 0.451011554896503 suspActivities : 0.483495678121336 conversation : 0.49948499418954473 religion : 0.5745345174868893 emotions : 0.6559837635784862 trips : 0.9640228088156575  

yijad	news	suspActivities	conversation	religion	emotions	trips 


los suhada son un ejemplo a seguir mohammed lo tiene claro ser un sahid de allah es un gren honor 	conversation : 0.30837203720687156 yijad : 0.319792064732468 suspActivities : 0.32123560347740776 religion : 0.41191601862355764 news : 0.4142724094855852 emotions : 0.4780943281539578 trips : 0.828719857851774  

conversation	yijad	suspActivities	religion	news	emotions	trips 


y recuerda que en determindao momento hasta una sahida es bien vista pero creo que , si esa es la voluntad de allah asi sera , no obstante se es la voluntad de allah asi sera creo que todavia puedes aportar m uucho 	conversation : 0.2661573381713783 yijad : 0.3545468703005221 religion : 0.38100310427155626 suspActivities : 0.40395907254766394 emotions : 0.4267326568980895 news : 0.43041520709449765 trips : 0.7556330087932697  

conversation	yijad	religion	suspActivities	emotions	news	trips 


a otros sahid será lo q allah decida para nosotros , hermano sabes algo de las entradas ? 	conversation : 0.3691883908628152 suspActivities : 0.41225557342237307 yijad : 0.41709215887993367 religion : 0.4347117131550883 emotions : 0.49542051830704015 news : 0.53442666997719 trips : 0.7802116906558011  

conversation	suspActivities	yijad	religion	emotions	news	trips 


el sabe lo mejor para la ummah estan en buenas manos ya nos esperan en samara con los primos de masha 	conversation : 0.18793834848263058 religion : 0.3400346065512245 yijad : 0.3415916591555076 suspActivities : 0.35071957162399525 emotions : 0.3639063743747111 news : 0.41347179980335724 trips : 0.6817445546784551  

conversation	religion	yijad	suspActivities	emotions	news	trips 


bueno sabes cuantas tenemos ? son 6 genial masha también vendrá a si 	conversation : 0.40220037747413573 emotions : 0.44242186609274925 religion : 0.507631416643416 suspActivities : 0.5327226988654297 yijad : 0.5557078585570505 news : 0.6928631498543667 trips : 0.9841024821850556  

conversation	emotions	religion	suspActivities	yijad	news	trips 


estupendo es una buena chica y asi me acompañara para no levantar sospechas todo esta preparado 	conversation : 0.2071799978128135 emotions : 0.2353538708847016 religion : 0.25865647488981336 yijad : 0.30280649670219173 suspActivities : 0.3030600304843646 news : 0.4000837868672017 trips : 0.6599874301899131  

conversation	emotions	religion	yijad	suspActivities	news	trips 


yo sola con cuatro hombres no sería logico muy bien pensado eres una mujer inteligente 	conversation : 0.2007417438895721 religion : 0.31292902492293606 emotions : 0.3233206401506541 yijad : 0.35660982757490856 suspActivities : 0.4169496115540987 news : 0.44168176978580376 trips : 0.743451540711326  

conversation	religion	emotions	yijad	suspActivities	news	trips 


una autentica muhadid alhamdulillah gracias a ti jawad estoy encontrando mi camino inshallah daremos un buen golpe a la serpiete de occidente 	emotions : 0.31372203224419204 religion : 0.3398749993471193 conversation : 0.3752749846960638 yijad : 0.4165491359814171 suspActivities : 0.5044146692802791 news : 0.5084925392505608 trips : 0.6676979643803658  

emotions	religion	conversation	yijad	suspActivities	news	trips 


y a los kufr russos y otrs hermanos seguro tambien lo haran 	yijad : 0.38001205871667054 religion : 0.4470087807658435 news : 0.4601857269955516 conversation : 0.4673558377194724 suspActivities : 0.547541886057338 emotions : 0.6120899760655676 trips : 0.7272674370200478  

yijad	religion	news	conversation	suspActivities	emotions	trips 


la gloria nos espera y espero dar ejemplo y que otros hermanos sigan nuestras acciones no tenemos miedo a nada , allah nos protege y nos guia la ira de allah caerá sobre los q se la merecen 	conversation : 0.20499181069264427 yijad : 0.21413560295968315 suspActivities : 0.2463498741046688 religion : 0.25666757484036695 emotions : 0.28935523589212897 news : 0.3162578719035398 trips : 0.7442451066613107  

conversation	yijad	suspActivities	religion	emotions	news	trips 


juntos conseguiremos combatir al enemigo , jawad mohammed temia ahora vosotros sois la espada de allah q el material q tiene q llegar no aguantara el viaje 	yijad : 0.271078079837653 news : 0.3517291198289375 religion : 0.359460732584996 conversation : 0.3949323495531347 emotions : 0.428361250268006 suspActivities : 0.4394207234261197 trips : 0.7189754716760834  

yijad	news	religion	conversation	emotions	suspActivities	trips 


es material muy sensible a los cambios de temperatura me he estado informando de como protegerlo para q los paquetes no entren en contacto antes de tiempo ya le he dicho como empaquetar todo bien tu tienes controlado como hacer el envio verdad ? es importante q este material llegue para conseguir q el castigo sea importante ya me entiendes 	conversation : 0.220908867273513 suspActivities : 0.26744243452161753 yijad : 0.3122700271034361 religion : 0.35979511222948235 emotions : 0.37782208748834567 news : 0.4182274965622347 trips : 0.7627972125519292  

conversation	suspActivities	yijad	religion	emotions	news	trips 


tambien he hablado con masha sus primos preparan una alternativa por si acaso pero es de menor impacto 	conversation : 0.2403402107886793 religion : 0.3325949542103728 yijad : 0.3392852868965295 emotions : 0.4029473982169288 suspActivities : 0.40366840753427224 news : 0.43368011145952967 trips : 0.7634620034426796  

conversation	religion	yijad	emotions	suspActivities	news	trips 


el castigo tiene q ser visible nos llenará de gloria si surge un problema tawak kalto al allah 	conversation : 0.3493324121784287 yijad : 0.3538702129072532 religion : 0.3649334553290208 emotions : 0.4119796176759696 news : 0.43346282032298933 suspActivities : 0.4502339866680195 trips : 0.7433386208908037  

conversation	yijad	religion	emotions	news	suspActivities	trips 


cunpliremos nuestra obligacion no tienes que preocuparte baaka allah fik todo por nuestra parte esta controlado 	conversation : 0.19210862311540422 religion : 0.28185309134737035 suspActivities : 0.28926301636880725 emotions : 0.2982719505686138 yijad : 0.2997107107727559 news : 0.4141516950482611 trips : 0.7307223465551037  

conversation	religion	suspActivities	emotions	yijad	news	trips 


a si ? interesante pero ellos saben como actuar son soldados de allah saben que hacer si , confio en mohammed 	conversation : 0.21996343020688947 suspActivities : 0.2291747528912954 yijad : 0.24122021409699657 religion : 0.2966885980587931 emotions : 0.34824239759715636 news : 0.36809236528821077 trips : 0.7318555486931619  

conversation	suspActivities	yijad	religion	emotions	news	trips 


es un hombre fuerte tu hazles casos apoyales se fiel radi allah anhu 	conversation : 0.3280236612612085 religion : 0.3733161844737448 emotions : 0.38730499288142806 yijad : 0.405805705880112 news : 0.42261123672204204 suspActivities : 0.5197013558112955 trips : 0.774239625645927  

conversation	religion	emotions	yijad	news	suspActivities	trips 


haz tu trabajo como mujer y todo saldra bien sobretod es muy importante 	conversation : 0.29688321571254994 religion : 0.3427860491962518 yijad : 0.3751948067689481 emotions : 0.4042077527264054 news : 0.4301515804839181 suspActivities : 0.43625804958143855 trips : 0.7965408546924656  

conversation	religion	yijad	emotions	news	suspActivities	trips 


que seas discreta ahora no lo comentes a nadie ni en la mezquita ni en ningun sitio los kufr 	conversation : 0.25845750879302176 religion : 0.363256345571362 yijad : 0.39368752414693464 news : 0.410547285114538 suspActivities : 0.41307677043366264 emotions : 0.4481581879327926 trips : 0.5634319996906023  

conversation	religion	yijad	news	suspActivities	emotions	trips 


pueden saber de tus intenciones y harias que fracasara nuestro deber sere discreta 	yijad : 0.3063415413130187 suspActivities : 0.31135383512125514 conversation : 0.3716714611320957 religion : 0.40298463078811997 news : 0.4302202747683799 emotions : 0.4673616155798713 trips : 0.9349403208585758  

yijad	suspActivities	conversation	religion	news	emotions	trips 


tienes eso claro verada verdad lo tengo claro en la mezquita solo comente q habia conocido a un buen hombre nada mas muy bien confio plenamente en ti 	conversation : 0.1741354524473787 emotions : 0.2781074182997799 religion : 0.32953363426078686 yijad : 0.38039741108796754 suspActivities : 0.40955451559953837 news : 0.4606264240297594 trips : 0.7811993769022131  

conversation	emotions	religion	yijad	suspActivities	news	trips 


eres muy inteligente azra esta semana te haremos llegar algunas instrucciones para que las tengas claras aqui 	conversation : 0.3069332946149834 emotions : 0.37315285546126775 religion : 0.38922909226058267 suspActivities : 0.421203800050564 yijad : 0.487758634700167 news : 0.6096135576387811 trips : 0.6655770367647011  

conversation	emotions	religion	suspActivities	yijad	news	trips 


para que las practiques para que lli puedas ayudar sabes coses verdad ? de acuerdo 	suspActivities : 0.2680564986762758 conversation : 0.2748869408170569 yijad : 0.30999469548420255 religion : 0.35788119656849504 emotions : 0.41531104647762795 news : 0.4309801552237128 trips : 0.744760940076103  

suspActivities	conversation	yijad	religion	emotions	news	trips 


como buena mujer ? obedecere lo q me digan mis hermanos muy bien 	religion : 0.22497639717336648 conversation : 0.2624027658170618 emotions : 0.2798057503188299 yijad : 0.34528356178814246 news : 0.4566791548212712 suspActivities : 0.4603775963806094 trips : 0.7806439413122097  

religion	conversation	emotions	yijad	news	suspActivities	trips 


lo q trabajamos en el presente lo encontraremos en el futuro y el futuro ya esta cerca pues mañana te daremos las primeras instrucciones 	conversation : 0.247944450182628 yijad : 0.44872369852315386 suspActivities : 0.45888572560494667 religion : 0.4606408005609097 news : 0.4906556973054078 emotions : 0.4930386195799268 trips : 0.6562748331647155  

conversation	yijad	suspActivities	religion	news	emotions	trips 


asi podras comenzar a practicar y una vez alli tenerlo claro y no dudar asi el conocimiento viajra en tu cabeza 	conversation : 0.22320555345487914 suspActivities : 0.23830143022650463 yijad : 0.25226870653688693 religion : 0.2585484401276882 emotions : 0.321573825155408 news : 0.3587344693994905 trips : 0.5491497718458316  

conversation	suspActivities	yijad	religion	emotions	news	trips 


