Salam Azra ! como estas ? siento no haber estado aqui para ti estos dias ? pero bueno , tienes a mohammed ya Assalamu Alaikum como ha ido ? yo cansado de mi viaje a madrid bien , sí , he hablado mucho con mohammed pero todo salio bien alhamdulillah a si 	conversation : 0.11131120709720355 emotions : 0.15186107848168362 suspActivities : 0.19330443796076902 religion : 0.20387900416747184 yijad : 0.2650578790924146 news : 0.299450492058839 trips : 0.651729406923715  

conversation	emotions	suspActivities	religion	yijad	news	trips 


masha allah y que tal esta ? estas ahciedno tu mision , tu pblligacion con el ? tiene claro el mandato de allah 	conversation : 0.2202331918000915 religion : 0.23590905826825315 suspActivities : 0.24473255728043541 yijad : 0.27997535653175565 news : 0.28154002561867797 emotions : 0.3227942046764325 trips : 0.5949189051339029  

conversation	religion	suspActivities	yijad	news	emotions	trips 


y quiere ser recordado es un gran hombre has tenido mucha suerte como mujer musulmana de conocerlo y castigar a los q lo merecen 	emotions : 0.2504612310753416 religion : 0.2693303965571615 yijad : 0.3102110139789138 conversation : 0.32014758051407677 news : 0.3518397364448187 suspActivities : 0.38369339181662854 trips : 0.7449270947679639  

emotions	religion	yijad	conversation	news	suspActivities	trips 


de vincularte a el es una bendición de allah juntos estamos cumpliendo su mandato contribuyendo a q se respete la ummah has visto lo de lieja ? 	suspActivities : 0.3704459744231191 yijad : 0.3818980392692968 news : 0.3846605875719664 religion : 0.39096283355055483 conversation : 0.4535561027229271 emotions : 0.5133411291996115 trips : 0.67995940100009  

suspActivities	yijad	news	religion	conversation	emotions	trips 


si hermana radi allah anhu Jazak Allah Khair kufir , no saben el castigo q les espera son ignorantes de allah 	conversation : 0.25030256098507186 suspActivities : 0.2633080738032215 religion : 0.2646818645087199 emotions : 0.29999860111802135 yijad : 0.317642650426169 news : 0.4083255123346996 trips : 0.6890880338286891  

conversation	suspActivities	religion	emotions	yijad	news	trips 


asi es hermana es bueno que lo recuerdes me llena la rabia y al mismo timepo me da energia y que los شهيد 	emotions : 0.13780473394905823 religion : 0.16728869103915955 conversation : 0.16845104552667522 suspActivities : 0.2346075092754656 yijad : 0.275404649189113 news : 0.2766003892821003 trips : 0.6123194324409778  

emotions	religion	conversation	suspActivities	yijad	news	trips 


sean recordados tenemos q levantarnos contra el enemigo y tomados como ejemplo es nuestra obligacion al baqara 2:154 	yijad : 0.38416913077337445 suspActivities : 0.4431041805052358 news : 0.44941645772364913 conversation : 0.49948499418954473 religion : 0.5224949193057016 emotions : 0.5785649970510842 trips : 0.8873605583888194  

yijad	suspActivities	news	conversation	religion	emotions	trips 


los suhada son un ejemplo a seguir mohammed lo tiene claro ser un sahid de allah es un gren honor 	suspActivities : 0.2564971153155454 yijad : 0.2958288149210748 conversation : 0.30837203720687156 religion : 0.34306079761952035 news : 0.35763203699896184 emotions : 0.39641882024733344 trips : 0.751750496129634  

suspActivities	yijad	conversation	religion	news	emotions	trips 


y recuerda que en determindao momento hasta una sahida es bien vista pero creo que , si esa es la voluntad de allah asi sera , no obstante se es la voluntad de allah asi sera creo que todavia puedes aportar m uucho 	conversation : 0.2661573381713783 suspActivities : 0.2690244532480658 religion : 0.29290089664758245 yijad : 0.30486377631013617 news : 0.3352877486161604 emotions : 0.3511214476065906 trips : 0.6290831172872384  

conversation	suspActivities	religion	yijad	news	emotions	trips 


a otros sahid será lo q allah decida para nosotros , hermano sabes algo de las entradas ? 	suspActivities : 0.31369800091543953 conversation : 0.3691883908628152 yijad : 0.3817649796591662 religion : 0.3892519105617679 emotions : 0.42492207318686626 news : 0.46129509487404297 trips : 0.7125007585905182  

suspActivities	conversation	yijad	religion	emotions	news	trips 


el sabe lo mejor para la ummah estan en buenas manos ya nos esperan en samara con los primos de masha 	conversation : 0.18793834848263058 suspActivities : 0.19946210084215332 religion : 0.23701376591317913 emotions : 0.2778014996624488 yijad : 0.27903850355270876 news : 0.2998249873447961 trips : 0.5812020513459847  

conversation	suspActivities	religion	emotions	yijad	news	trips 


bueno sabes cuantas tenemos ? son 6 genial masha también vendrá a si 	conversation : 0.40220037747413573 emotions : 0.40671084135184676 suspActivities : 0.45210211364038555 religion : 0.49446358394284395 yijad : 0.5567440765390667 news : 0.6222846839471683 trips : 0.9268872593260075  

conversation	emotions	suspActivities	religion	yijad	news	trips 


estupendo es una buena chica y asi me acompañara para no levantar sospechas todo esta preparado 	emotions : 0.17127799418735845 religion : 0.19535587022985434 suspActivities : 0.19647702390527766 conversation : 0.2071799978128135 yijad : 0.2587397398716119 news : 0.2812774417869319 trips : 0.59016892252466  

emotions	religion	suspActivities	conversation	yijad	news	trips 


yo sola con cuatro hombres no sería logico muy bien pensado eres una mujer inteligente 	conversation : 0.2007417438895721 emotions : 0.24386038997302528 religion : 0.257054451900126 suspActivities : 0.28011639444145153 yijad : 0.30696908693834524 news : 0.3671423201610421 trips : 0.6965907772842841  

conversation	emotions	religion	suspActivities	yijad	news	trips 


una autentica muhadid alhamdulillah gracias a ti jawad estoy encontrando mi camino inshallah daremos un buen golpe a la serpiete de occidente 	emotions : 0.27085016547612684 religion : 0.3185982910408649 conversation : 0.3752749846960638 suspActivities : 0.3977884568012088 yijad : 0.4031920027016238 news : 0.41736030000809987 trips : 0.6512785486327356  

emotions	religion	conversation	suspActivities	yijad	news	trips 


y a los kufr russos y otrs hermanos seguro tambien lo haran 	yijad : 0.3189556488837808 religion : 0.37934075639487275 news : 0.3933155752347559 suspActivities : 0.43884018251401624 conversation : 0.4673558377194724 emotions : 0.5396727194220061 trips : 0.6107222326223907  

yijad	religion	news	suspActivities	conversation	emotions	trips 


la gloria nos espera y espero dar ejemplo y que otros hermanos sigan nuestras acciones no tenemos miedo a nada , allah nos protege y nos guia la ira de allah caerá sobre los q se la merecen 	suspActivities : 0.16155037257014093 yijad : 0.20409300620758086 conversation : 0.20499181069264427 religion : 0.21468846822507348 emotions : 0.23689454225776285 news : 0.2727727838108247 trips : 0.6991179541482182  

suspActivities	yijad	conversation	religion	emotions	news	trips 


juntos conseguiremos combatir al enemigo , jawad mohammed temia ahora vosotros sois la espada de allah q el material q tiene q llegar no aguantara el viaje 	yijad : 0.259459494620089 religion : 0.326245973787633 news : 0.34260034044358767 suspActivities : 0.35150980667417564 emotions : 0.36862654130041794 conversation : 0.3949323495531347 trips : 0.7129353100799425  

yijad	religion	news	suspActivities	emotions	conversation	trips 


es material muy sensible a los cambios de temperatura me he estado informando de como protegerlo para q los paquetes no entren en contacto antes de tiempo ya le he dicho como empaquetar todo bien tu tienes controlado como hacer el envio verdad ? es importante q este material llegue para conseguir q el castigo sea importante ya me entiendes 	suspActivities : 0.17632980709889023 conversation : 0.220908867273513 yijad : 0.28195593407816766 religion : 0.286641295940793 emotions : 0.29021636446142784 news : 0.32535717618064786 trips : 0.6416962764744487  

suspActivities	conversation	yijad	religion	emotions	news	trips 


tambien he hablado con masha sus primos preparan una alternativa por si acaso pero es de menor impacto 	conversation : 0.2403402107886793 religion : 0.2810203466474739 suspActivities : 0.2916347180833666 yijad : 0.29247104384234157 emotions : 0.3227298205985061 news : 0.34714612481707496 trips : 0.7016863271072058  

conversation	religion	suspActivities	yijad	emotions	news	trips 


el castigo tiene q ser visible nos llenará de gloria si surge un problema tawak kalto al allah 	religion : 0.30458536598499575 yijad : 0.31570932725076684 suspActivities : 0.3432685234030036 conversation : 0.3493324121784287 emotions : 0.34981539032284736 news : 0.35608869249715536 trips : 0.6690215797655255  

religion	yijad	suspActivities	conversation	emotions	news	trips 


cunpliremos nuestra obligacion no tienes que preocuparte baaka allah fik todo por nuestra parte esta controlado 	conversation : 0.19210862311540422 suspActivities : 0.19659702755858988 religion : 0.2235839473926542 emotions : 0.22906548515569847 yijad : 0.27577244127091827 news : 0.34300345673665955 trips : 0.6557288076996306  

conversation	suspActivities	religion	emotions	yijad	news	trips 


a si ? interesante pero ellos saben como actuar son soldados de allah saben que hacer si , confio en mohammed 	suspActivities : 0.19138623401981425 conversation : 0.21996343020688947 yijad : 0.23875986634159796 religion : 0.2676175490621542 emotions : 0.28974203323138914 news : 0.36548826525240397 trips : 0.7481922096394419  

suspActivities	conversation	yijad	religion	emotions	news	trips 


es un hombre fuerte tu hazles casos apoyales se fiel radi allah anhu 	religion : 0.30379687593359417 emotions : 0.312498482368628 news : 0.3229978107280749 conversation : 0.3280236612612085 yijad : 0.33601582246702555 suspActivities : 0.38176382383593144 trips : 0.6481909590074506  

religion	emotions	news	conversation	yijad	suspActivities	trips 


haz tu trabajo como mujer y todo saldra bien sobretod es muy importante 	religion : 0.2951332849705509 conversation : 0.29688321571254994 news : 0.32260842714412774 suspActivities : 0.32594166759615584 yijad : 0.32990650323109316 emotions : 0.3404345172862 trips : 0.64772636534365  

religion	conversation	news	suspActivities	yijad	emotions	trips 


que seas discreta ahora no lo comentes a nadie ni en la mezquita ni en ningun sitio los kufr 	conversation : 0.25845750879302176 religion : 0.2617836031427663 suspActivities : 0.28122422314920015 yijad : 0.3090086546658293 news : 0.3218198936198938 emotions : 0.35127355732197074 trips : 0.4771519238226173  

conversation	religion	suspActivities	yijad	news	emotions	trips 


pueden saber de tus intenciones y harias que fracasara nuestro deber sere discreta 	suspActivities : 0.2892859774689954 yijad : 0.3221245390532338 conversation : 0.3716714611320957 religion : 0.37713422309151723 news : 0.40824578573865966 emotions : 0.41843974166892395 trips : 0.8635737657235416  

suspActivities	yijad	conversation	religion	news	emotions	trips 


tienes eso claro verada verdad lo tengo claro en la mezquita solo comente q habia conocido a un buen hombre nada mas muy bien confio plenamente en ti 	conversation : 0.1741354524473787 emotions : 0.2224538318285353 religion : 0.2908701748729001 suspActivities : 0.2940307104450427 yijad : 0.34665726684421694 news : 0.3947491942922099 trips : 0.6970933436983271  

conversation	emotions	religion	suspActivities	yijad	news	trips 


eres muy inteligente azra esta semana te haremos llegar algunas instrucciones para que las tengas claras aqui 	conversation : 0.3069332946149834 emotions : 0.32035496757233617 suspActivities : 0.3408782939431211 religion : 0.3728416371567552 yijad : 0.4573049102532871 news : 0.5065069930766088 trips : 0.6710517341359972  

conversation	emotions	suspActivities	religion	yijad	news	trips 


para que las practiques para que lli puedas ayudar sabes coses verdad ? de acuerdo 	suspActivities : 0.19610213838737534 conversation : 0.2748869408170569 yijad : 0.29163736082463676 religion : 0.31115839817114244 news : 0.35406235273830333 emotions : 0.3562683343377586 trips : 0.6644561179460008  

suspActivities	conversation	yijad	religion	news	emotions	trips 


como buena mujer ? obedecere lo q me digan mis hermanos muy bien 	religion : 0.2187263005432648 emotions : 0.23158516422875963 conversation : 0.2624027658170618 yijad : 0.32892411760914264 suspActivities : 0.3432333625011469 news : 0.3833528573673102 trips : 0.7543030300278755  

religion	emotions	conversation	yijad	suspActivities	news	trips 


lo q trabajamos en el presente lo encontraremos en el futuro y el futuro ya esta cerca pues mañana te daremos las primeras instrucciones 	conversation : 0.247944450182628 suspActivities : 0.27202367195364585 religion : 0.3327396610161061 news : 0.3636634756678502 yijad : 0.36589616526535285 emotions : 0.39620350268257887 trips : 0.5509739158837081  

conversation	suspActivities	religion	news	yijad	emotions	trips 


asi podras comenzar a practicar y una vez alli tenerlo claro y no dudar asi el conocimiento viajra en tu cabeza 	suspActivities : 0.17676730137954755 religion : 0.20645921263627964 conversation : 0.22320555345487914 yijad : 0.225293570589017 emotions : 0.2589862749221623 news : 0.3027210825851344 trips : 0.527061918865264  

suspActivities	religion	conversation	yijad	emotions	news	trips 


