Salam Azra ! como estas ? siento no haber estado aqui para ti estos dias ? pero bueno , tienes a mohammed ya Assalamu Alaikum como ha ido ? yo cansado de mi viaje a madrid bien , sí , he hablado mucho con mohammed pero todo salio bien alhamdulillah a si 	conversation : 0.11131120709720355 emotions : 0.15933511318784155 religion : 0.1954823719769626 suspActivities : 0.21896736093159574 yijad : 0.2525661803139463 news : 0.32741307897847893 trips : 0.48926098537971097  

conversation	emotions	religion	suspActivities	yijad	news	trips 


masha allah y que tal esta ? estas ahciedno tu mision , tu pblligacion con el ? tiene claro el mandato de allah 	conversation : 0.2202331918000915 religion : 0.24339844216867002 yijad : 0.24556811701998904 suspActivities : 0.26001047547818135 emotions : 0.31405040556499875 news : 0.36404523476323947 trips : 0.45011542927178594  

conversation	religion	yijad	suspActivities	emotions	news	trips 


y quiere ser recordado es un gran hombre has tenido mucha suerte como mujer musulmana de conocerlo y castigar a los q lo merecen 	religion : 0.267453474177726 emotions : 0.27849675630089066 yijad : 0.3003106115641043 conversation : 0.32014758051407677 news : 0.40489422175730316 suspActivities : 0.41093636348027185 trips : 0.5935743330505405  

religion	emotions	yijad	conversation	news	suspActivities	trips 


de vincularte a el es una bendición de allah juntos estamos cumpliendo su mandato contribuyendo a q se respete la ummah has visto lo de lieja ? 	yijad : 0.33750303610158083 suspActivities : 0.3735335668346894 religion : 0.3948499028622947 news : 0.4226739551724834 conversation : 0.4535561027229271 emotions : 0.4845130965666963 trips : 0.5635324293432178  

yijad	suspActivities	religion	news	conversation	emotions	trips 


si hermana radi allah anhu Jazak Allah Khair kufir , no saben el castigo q les espera son ignorantes de allah 	conversation : 0.25030256098507186 suspActivities : 0.27923057373683036 religion : 0.2817325070532969 emotions : 0.30994746351823255 yijad : 0.3154299468687848 news : 0.42829431791034356 trips : 0.5851425023021576  

conversation	suspActivities	religion	emotions	yijad	news	trips 


asi es hermana es bueno que lo recuerdes me llena la rabia y al mismo timepo me da energia y que los شهيد 	emotions : 0.14670861960559467 religion : 0.15601625907155559 conversation : 0.16845104552667522 yijad : 0.25061099298194434 suspActivities : 0.26671484173579696 news : 0.36897937254903423 trips : 0.4555536346403677  

emotions	religion	conversation	yijad	suspActivities	news	trips 


sean recordados tenemos q levantarnos contra el enemigo y tomados como ejemplo es nuestra obligacion al baqara 2:154 	yijad : 0.36657061089210874 news : 0.4310102982406837 suspActivities : 0.4662938202913014 conversation : 0.49948499418954473 religion : 0.5132540931203176 emotions : 0.5747324106726974 trips : 0.7143665155885759  

yijad	news	suspActivities	conversation	religion	emotions	trips 


los suhada son un ejemplo a seguir mohammed lo tiene claro ser un sahid de allah es un gren honor 	suspActivities : 0.2706940391520043 yijad : 0.27641294925454574 conversation : 0.30837203720687156 religion : 0.335403146429206 emotions : 0.3844125865022804 news : 0.3876291667698797 trips : 0.5679483326547614  

suspActivities	yijad	conversation	religion	emotions	news	trips 


y recuerda que en determindao momento hasta una sahida es bien vista pero creo que , si esa es la voluntad de allah asi sera , no obstante se es la voluntad de allah asi sera creo que todavia puedes aportar m uucho 	conversation : 0.2661573381713783 yijad : 0.2689934438988397 suspActivities : 0.2898486208189507 religion : 0.2905054437313428 emotions : 0.324420745976124 news : 0.3994408861757863 trips : 0.5198714999719125  

conversation	yijad	suspActivities	religion	emotions	news	trips 


a otros sahid será lo q allah decida para nosotros , hermano sabes algo de las entradas ? 	suspActivities : 0.311309364320395 yijad : 0.34821502469903964 conversation : 0.3691883908628152 religion : 0.3772579328453475 emotions : 0.3945495782563311 news : 0.5000594979426163 trips : 0.5819168723079315  

suspActivities	yijad	conversation	religion	emotions	news	trips 


el sabe lo mejor para la ummah estan en buenas manos ya nos esperan en samara con los primos de masha 	conversation : 0.18793834848263058 suspActivities : 0.21234514518416248 religion : 0.22483135996688808 yijad : 0.24827231996574284 emotions : 0.27061967710822543 news : 0.35375891351345745 trips : 0.4357966668455512  

conversation	suspActivities	religion	yijad	emotions	news	trips 


bueno sabes cuantas tenemos ? son 6 genial masha también vendrá a si 	emotions : 0.39226310193555924 conversation : 0.40220037747413573 religion : 0.46104000926106703 suspActivities : 0.46665292530123104 yijad : 0.5117494255375317 news : 0.6621470130495448 trips : 0.7371005892339524  

emotions	conversation	religion	suspActivities	yijad	news	trips 


estupendo es una buena chica y asi me acompañara para no levantar sospechas todo esta preparado 	emotions : 0.16566668694364517 religion : 0.18396960703060983 conversation : 0.2071799978128135 suspActivities : 0.22322954191506905 yijad : 0.25129951662685424 news : 0.34666349060080903 trips : 0.4420395630685704  

emotions	religion	conversation	suspActivities	yijad	news	trips 


yo sola con cuatro hombres no sería logico muy bien pensado eres una mujer inteligente 	conversation : 0.2007417438895721 emotions : 0.24486962587521555 religion : 0.25340342198215215 yijad : 0.29654794861600375 suspActivities : 0.2978348262042594 news : 0.40275065711132274 trips : 0.5355098479428589  

conversation	emotions	religion	yijad	suspActivities	news	trips 


una autentica muhadid alhamdulillah gracias a ti jawad estoy encontrando mi camino inshallah daremos un buen golpe a la serpiete de occidente 	emotions : 0.2545186084898433 religion : 0.29782877988267076 conversation : 0.3752749846960638 yijad : 0.37788681397476387 suspActivities : 0.4162228076074236 news : 0.45810990093934123 trips : 0.49153925344151383  

emotions	religion	conversation	yijad	suspActivities	news	trips 


y a los kufr russos y otrs hermanos seguro tambien lo haran 	yijad : 0.283691092582931 religion : 0.37083296725552284 news : 0.4087504169382725 suspActivities : 0.46651411365461637 conversation : 0.4673558377194724 trips : 0.4684326683906157 emotions : 0.5251494134711174  

yijad	religion	news	suspActivities	conversation	trips	emotions 


la gloria nos espera y espero dar ejemplo y que otros hermanos sigan nuestras acciones no tenemos miedo a nada , allah nos protege y nos guia la ira de allah caerá sobre los q se la merecen 	yijad : 0.17383924055136013 suspActivities : 0.17971714086662738 religion : 0.2032475951630357 conversation : 0.20499181069264427 emotions : 0.21134198213684174 news : 0.2902710532754016 trips : 0.5171228584685763  

yijad	suspActivities	religion	conversation	emotions	news	trips 


juntos conseguiremos combatir al enemigo , jawad mohammed temia ahora vosotros sois la espada de allah q el material q tiene q llegar no aguantara el viaje 	yijad : 0.2587472545697802 news : 0.3230547565106703 religion : 0.32540511413534023 emotions : 0.3661890250902595 suspActivities : 0.3740592074892516 conversation : 0.3949323495531347 trips : 0.5277562951666874  

yijad	news	religion	emotions	suspActivities	conversation	trips 


es material muy sensible a los cambios de temperatura me he estado informando de como protegerlo para q los paquetes no entren en contacto antes de tiempo ya le he dicho como empaquetar todo bien tu tienes controlado como hacer el envio verdad ? es importante q este material llegue para conseguir q el castigo sea importante ya me entiendes 	suspActivities : 0.1851727245310416 conversation : 0.220908867273513 yijad : 0.26244286641637793 emotions : 0.27407887038015644 religion : 0.2793784526461943 news : 0.38116963543949633 trips : 0.5085741705807421  

suspActivities	conversation	yijad	emotions	religion	news	trips 


tambien he hablado con masha sus primos preparan una alternativa por si acaso pero es de menor impacto 	conversation : 0.2403402107886793 yijad : 0.2596216935938479 religion : 0.265466503550596 emotions : 0.3084712876354362 suspActivities : 0.3157691245599086 news : 0.3870470548784164 trips : 0.5275821450736187  

conversation	yijad	religion	emotions	suspActivities	news	trips 


el castigo tiene q ser visible nos llenará de gloria si surge un problema tawak kalto al allah 	yijad : 0.3107663611160103 religion : 0.3243144497365562 conversation : 0.3493324121784287 emotions : 0.36815915349024253 suspActivities : 0.36900601516711684 news : 0.4032552971522311 trips : 0.5093775938924266  

yijad	religion	conversation	emotions	suspActivities	news	trips 


cunpliremos nuestra obligacion no tienes que preocuparte baaka allah fik todo por nuestra parte esta controlado 	conversation : 0.19210862311540422 emotions : 0.20116583322851056 suspActivities : 0.20525496756728756 religion : 0.218178678607174 yijad : 0.24265739003046005 news : 0.3926168891538313 trips : 0.5174702418956125  

conversation	emotions	suspActivities	religion	yijad	news	trips 


a si ? interesante pero ellos saben como actuar son soldados de allah saben que hacer si , confio en mohammed 	suspActivities : 0.21435867316020318 conversation : 0.21996343020688947 yijad : 0.23321918159370836 religion : 0.2592820813039639 emotions : 0.28033399652840896 news : 0.3612035633632882 trips : 0.5577210525178018  

suspActivities	conversation	yijad	religion	emotions	news	trips 


es un hombre fuerte tu hazles casos apoyales se fiel radi allah anhu 	religion : 0.3181063006974326 conversation : 0.3280236612612085 emotions : 0.33017406574772046 yijad : 0.34349774868535565 news : 0.3823690973327304 suspActivities : 0.41418798536384105 trips : 0.5581978315110205  

religion	conversation	emotions	yijad	news	suspActivities	trips 


haz tu trabajo como mujer y todo saldra bien sobretod es muy importante 	religion : 0.29474104982798777 conversation : 0.29688321571254994 yijad : 0.30970457026576625 emotions : 0.32511749162316783 suspActivities : 0.34986955826459076 news : 0.3860593647443059 trips : 0.5543843350591935  

religion	conversation	yijad	emotions	suspActivities	news	trips 


que seas discreta ahora no lo comentes a nadie ni en la mezquita ni en ningun sitio los kufr 	conversation : 0.25845750879302176 religion : 0.2841712253999703 suspActivities : 0.3088030553391825 yijad : 0.30897376669407617 emotions : 0.3561888743035788 news : 0.37577784095364 trips : 0.4222785679788429  

conversation	religion	suspActivities	yijad	emotions	news	trips 


pueden saber de tus intenciones y harias que fracasara nuestro deber sere discreta 	suspActivities : 0.28069893685960945 yijad : 0.2908438306438972 religion : 0.3549569608581493 conversation : 0.3716714611320957 emotions : 0.38075443166805256 news : 0.4114324352997565 trips : 0.7174398529793002  

suspActivities	yijad	religion	conversation	emotions	news	trips 


tienes eso claro verada verdad lo tengo claro en la mezquita solo comente q habia conocido a un buen hombre nada mas muy bien confio plenamente en ti 	conversation : 0.1741354524473787 emotions : 0.2295007699657987 religion : 0.2829138992628425 suspActivities : 0.3173403886936246 yijad : 0.340314552184261 news : 0.43101128710310643 trips : 0.5801503352905559  

conversation	emotions	religion	suspActivities	yijad	news	trips 


eres muy inteligente azra esta semana te haremos llegar algunas instrucciones para que las tengas claras aqui 	conversation : 0.3069332946149834 emotions : 0.3105110653942954 suspActivities : 0.36276508081491454 religion : 0.3677734364086609 yijad : 0.45165029936525813 trips : 0.5315388675815932 news : 0.5638246321232394  

conversation	emotions	suspActivities	religion	yijad	trips	news 


para que las practiques para que lli puedas ayudar sabes coses verdad ? de acuerdo 	suspActivities : 0.19857988353930223 yijad : 0.2601067789122298 conversation : 0.2748869408170569 religion : 0.2949352104383879 emotions : 0.3106769274067456 news : 0.39282475604793643 trips : 0.5305802163876766  

suspActivities	yijad	conversation	religion	emotions	news	trips 


como buena mujer ? obedecere lo q me digan mis hermanos muy bien 	religion : 0.20607381034954686 emotions : 0.23570481825744216 conversation : 0.2624027658170618 yijad : 0.3035185680101412 suspActivities : 0.3741260715252961 news : 0.429053176142431 trips : 0.5885703990266422  

religion	emotions	conversation	yijad	suspActivities	news	trips 


lo q trabajamos en el presente lo encontraremos en el futuro y el futuro ya esta cerca pues mañana te daremos las primeras instrucciones 	conversation : 0.247944450182628 suspActivities : 0.26432235486910916 religion : 0.3292044360757781 yijad : 0.33114760055946635 emotions : 0.3908083307227418 news : 0.4358530289779612 trips : 0.44477989190379597  

conversation	suspActivities	religion	yijad	emotions	news	trips 


asi podras comenzar a practicar y una vez alli tenerlo claro y no dudar asi el conocimiento viajra en tu cabeza 	suspActivities : 0.1987989509992979 religion : 0.20930169897026196 yijad : 0.21745512166362424 conversation : 0.22320555345487914 emotions : 0.25286885070041065 news : 0.32897189761336765 trips : 0.3604782772959615  

suspActivities	religion	yijad	conversation	emotions	news	trips 


